2022-03-06T22:09:21.561Z thumbsup:warn gifsicle (http://www.lcdf.org/gifsicle) is not installed. You will not be able to process animated GIFs.
2022-03-06T22:09:21.561Z thumbsup:warn dcraw (https://www.cybercom.net/~dcoffin/dcraw/) is not installed. You will not be able to process RAW photos.
2022-03-06T22:09:21.561Z thumbsup:warn zip (https://linux.die.net/man/1/zip) is not installed. You will not be able to create ZIP files.
2022-03-06T22:11:25.792Z thumbsup:warn gifsicle (http://www.lcdf.org/gifsicle) is not installed. You will not be able to process animated GIFs.
2022-03-06T22:11:25.792Z thumbsup:warn dcraw (https://www.cybercom.net/~dcoffin/dcraw/) is not installed. You will not be able to process RAW photos.
2022-03-06T22:11:25.792Z thumbsup:warn zip (https://linux.die.net/man/1/zip) is not installed. You will not be able to create ZIP files.
2022-03-06T22:12:46.237Z thumbsup:warn gifsicle (http://www.lcdf.org/gifsicle) is not installed. You will not be able to process animated GIFs.
2022-03-06T22:12:46.237Z thumbsup:warn dcraw (https://www.cybercom.net/~dcoffin/dcraw/) is not installed. You will not be able to process RAW photos.
2022-03-06T22:12:46.237Z thumbsup:warn zip (https://linux.die.net/man/1/zip) is not installed. You will not be able to create ZIP files.
2022-03-06T22:13:24.918Z thumbsup:warn gifsicle (http://www.lcdf.org/gifsicle) is not installed. You will not be able to process animated GIFs.
2022-03-06T22:13:24.918Z thumbsup:warn dcraw (https://www.cybercom.net/~dcoffin/dcraw/) is not installed. You will not be able to process RAW photos.
2022-03-06T22:13:24.918Z thumbsup:warn zip (https://linux.die.net/man/1/zip) is not installed. You will not be able to create ZIP files.
2022-03-06T22:14:28.391Z thumbsup:warn gifsicle (http://www.lcdf.org/gifsicle) is not installed. You will not be able to process animated GIFs.
2022-03-06T22:14:28.391Z thumbsup:warn dcraw (https://www.cybercom.net/~dcoffin/dcraw/) is not installed. You will not be able to process RAW photos.
2022-03-06T22:14:28.391Z thumbsup:warn zip (https://linux.die.net/man/1/zip) is not installed. You will not be able to create ZIP files.
2022-03-06T22:15:42.738Z thumbsup:warn gifsicle (http://www.lcdf.org/gifsicle) is not installed. You will not be able to process animated GIFs.
2022-03-06T22:15:42.738Z thumbsup:warn dcraw (https://www.cybercom.net/~dcoffin/dcraw/) is not installed. You will not be able to process RAW photos.
2022-03-06T22:15:42.739Z thumbsup:warn zip (https://linux.die.net/man/1/zip) is not installed. You will not be able to create ZIP files.
2022-03-06T22:25:22.540Z thumbsup:warn gifsicle (http://www.lcdf.org/gifsicle) is not installed. You will not be able to process animated GIFs.
2022-03-06T22:25:22.541Z thumbsup:warn dcraw (https://www.cybercom.net/~dcoffin/dcraw/) is not installed. You will not be able to process RAW photos.
2022-03-06T22:25:22.541Z thumbsup:warn zip (https://linux.die.net/man/1/zip) is not installed. You will not be able to create ZIP files.
2022-03-06T22:26:01.252Z thumbsup:warn gifsicle (http://www.lcdf.org/gifsicle) is not installed. You will not be able to process animated GIFs.
2022-03-06T22:26:01.252Z thumbsup:warn dcraw (https://www.cybercom.net/~dcoffin/dcraw/) is not installed. You will not be able to process RAW photos.
2022-03-06T22:26:01.252Z thumbsup:warn zip (https://linux.die.net/man/1/zip) is not installed. You will not be able to create ZIP files.
2022-03-06T22:26:08.437Z thumbsup:warn gifsicle (http://www.lcdf.org/gifsicle) is not installed. You will not be able to process animated GIFs.
2022-03-06T22:26:08.437Z thumbsup:warn dcraw (https://www.cybercom.net/~dcoffin/dcraw/) is not installed. You will not be able to process RAW photos.
2022-03-06T22:26:08.437Z thumbsup:warn zip (https://linux.die.net/man/1/zip) is not installed. You will not be able to create ZIP files.
2022-03-06T22:26:44.225Z thumbsup:warn gifsicle (http://www.lcdf.org/gifsicle) is not installed. You will not be able to process animated GIFs.
2022-03-06T22:26:44.225Z thumbsup:warn dcraw (https://www.cybercom.net/~dcoffin/dcraw/) is not installed. You will not be able to process RAW photos.
2022-03-06T22:26:44.225Z thumbsup:warn zip (https://linux.die.net/man/1/zip) is not installed. You will not be able to create ZIP files.
2022-03-07T01:04:27.047Z thumbsup:warn gifsicle (http://www.lcdf.org/gifsicle) is not installed. You will not be able to process animated GIFs.
2022-03-07T01:04:27.047Z thumbsup:warn dcraw (https://www.cybercom.net/~dcoffin/dcraw/) is not installed. You will not be able to process RAW photos.
2022-03-07T01:04:27.047Z thumbsup:warn zip (https://linux.die.net/man/1/zip) is not installed. You will not be able to create ZIP files.
2022-03-07T01:04:27.134Z thumbsup:error Error: Theme does not exist: /home/wathiede/src/xinu.tv/voron-build/thumbsup/theme
2022-03-07T01:04:27.134Z thumbsup:error     at Theme.validateStructure (/home/wathiede/node_modules/thumbsup/src/website/theme.js:51:13)
2022-03-07T01:04:27.134Z thumbsup:error     at Theme.prepare (/home/wathiede/node_modules/thumbsup/src/website/theme.js:24:10)
2022-03-07T01:04:27.134Z thumbsup:error     at /home/wathiede/node_modules/thumbsup/src/website/website.js:36:19
2022-03-07T01:04:27.134Z thumbsup:error     at /home/wathiede/node_modules/thumbsup/node_modules/async/dist/async.js:3669:28
2022-03-07T01:04:27.134Z thumbsup:error     at replenish (/home/wathiede/node_modules/thumbsup/node_modules/async/dist/async.js:446:21)
2022-03-07T01:04:27.134Z thumbsup:error     at iterateeCallback (/home/wathiede/node_modules/thumbsup/node_modules/async/dist/async.js:430:21)
2022-03-07T01:04:27.134Z thumbsup:error     at /home/wathiede/node_modules/thumbsup/node_modules/async/dist/async.js:327:20
2022-03-07T01:04:27.134Z thumbsup:error     at /home/wathiede/node_modules/thumbsup/node_modules/async/dist/async.js:3674:17
2022-03-07T01:04:27.134Z thumbsup:error     at /home/wathiede/node_modules/thumbsup/node_modules/async/dist/async.js:3676:19
2022-03-07T01:04:27.134Z thumbsup:error     at wrapper (/home/wathiede/node_modules/thumbsup/node_modules/async/dist/async.js:271:20)
2022-03-07T01:04:39.426Z thumbsup:warn gifsicle (http://www.lcdf.org/gifsicle) is not installed. You will not be able to process animated GIFs.
2022-03-07T01:04:39.426Z thumbsup:warn dcraw (https://www.cybercom.net/~dcoffin/dcraw/) is not installed. You will not be able to process RAW photos.
2022-03-07T01:04:39.426Z thumbsup:warn zip (https://linux.die.net/man/1/zip) is not installed. You will not be able to create ZIP files.
2022-03-07T01:04:39.514Z thumbsup:error Error: Invalid theme structure in /home/wathiede/src/xinu.tv/voron-build/thumbsup/theme
2022-03-07T01:04:39.514Z thumbsup:error     at Theme.validateStructure (/home/wathiede/node_modules/thumbsup/src/website/theme.js:56:13)
2022-03-07T01:04:39.514Z thumbsup:error     at Theme.prepare (/home/wathiede/node_modules/thumbsup/src/website/theme.js:24:10)
2022-03-07T01:04:39.514Z thumbsup:error     at /home/wathiede/node_modules/thumbsup/src/website/website.js:36:19
2022-03-07T01:04:39.514Z thumbsup:error     at /home/wathiede/node_modules/thumbsup/node_modules/async/dist/async.js:3669:28
2022-03-07T01:04:39.514Z thumbsup:error     at replenish (/home/wathiede/node_modules/thumbsup/node_modules/async/dist/async.js:446:21)
2022-03-07T01:04:39.514Z thumbsup:error     at iterateeCallback (/home/wathiede/node_modules/thumbsup/node_modules/async/dist/async.js:430:21)
2022-03-07T01:04:39.514Z thumbsup:error     at /home/wathiede/node_modules/thumbsup/node_modules/async/dist/async.js:327:20
2022-03-07T01:04:39.514Z thumbsup:error     at /home/wathiede/node_modules/thumbsup/node_modules/async/dist/async.js:3674:17
2022-03-07T01:04:39.514Z thumbsup:error     at /home/wathiede/node_modules/thumbsup/node_modules/async/dist/async.js:3676:19
2022-03-07T01:04:39.514Z thumbsup:error     at wrapper (/home/wathiede/node_modules/thumbsup/node_modules/async/dist/async.js:271:20)
2022-03-07T01:06:14.460Z thumbsup:warn gifsicle (http://www.lcdf.org/gifsicle) is not installed. You will not be able to process animated GIFs.
2022-03-07T01:06:14.460Z thumbsup:warn dcraw (https://www.cybercom.net/~dcoffin/dcraw/) is not installed. You will not be able to process RAW photos.
2022-03-07T01:06:14.460Z thumbsup:warn zip (https://linux.die.net/man/1/zip) is not installed. You will not be able to create ZIP files.
2022-03-07T01:07:29.998Z thumbsup:warn gifsicle (http://www.lcdf.org/gifsicle) is not installed. You will not be able to process animated GIFs.
2022-03-07T01:07:29.998Z thumbsup:warn dcraw (https://www.cybercom.net/~dcoffin/dcraw/) is not installed. You will not be able to process RAW photos.
2022-03-07T01:07:29.999Z thumbsup:warn zip (https://linux.die.net/man/1/zip) is not installed. You will not be able to create ZIP files.
2022-03-07T01:10:12.717Z thumbsup:warn gifsicle (http://www.lcdf.org/gifsicle) is not installed. You will not be able to process animated GIFs.
2022-03-07T01:10:12.717Z thumbsup:warn dcraw (https://www.cybercom.net/~dcoffin/dcraw/) is not installed. You will not be able to process RAW photos.
2022-03-07T01:10:12.717Z thumbsup:warn zip (https://linux.die.net/man/1/zip) is not installed. You will not be able to create ZIP files.
2022-03-07T01:10:39.162Z thumbsup:warn gifsicle (http://www.lcdf.org/gifsicle) is not installed. You will not be able to process animated GIFs.
2022-03-07T01:10:39.162Z thumbsup:warn dcraw (https://www.cybercom.net/~dcoffin/dcraw/) is not installed. You will not be able to process RAW photos.
2022-03-07T01:10:39.162Z thumbsup:warn zip (https://linux.die.net/man/1/zip) is not installed. You will not be able to create ZIP files.
2022-03-07T01:13:32.642Z thumbsup:warn gifsicle (http://www.lcdf.org/gifsicle) is not installed. You will not be able to process animated GIFs.
2022-03-07T01:13:32.642Z thumbsup:warn dcraw (https://www.cybercom.net/~dcoffin/dcraw/) is not installed. You will not be able to process RAW photos.
2022-03-07T01:13:32.642Z thumbsup:warn zip (https://linux.die.net/man/1/zip) is not installed. You will not be able to create ZIP files.
2022-03-07T01:13:32.783Z thumbsup:error Error: Missing helper: "remove_extension"
2022-03-07T01:13:32.783Z thumbsup:error     at File.<anonymous> (/home/wathiede/node_modules/handlebars/dist/cjs/handlebars/helpers/helper-missing.js:19:13)
2022-03-07T01:13:32.783Z thumbsup:error     at File.wrapper (/home/wathiede/node_modules/handlebars/dist/cjs/handlebars/internal/wrapHelper.js:15:19)
2022-03-07T01:13:32.783Z thumbsup:error     at eval (eval at createFunctionContext (/home/wathiede/node_modules/handlebars/dist/cjs/handlebars/compiler/javascript-compiler.js:262:23), <anonymous>:31:122)
2022-03-07T01:13:32.783Z thumbsup:error     at Object.prog [as inverse] (/home/wathiede/node_modules/handlebars/dist/cjs/handlebars/runtime.js:268:12)
2022-03-07T01:13:32.783Z thumbsup:error     at File.<anonymous> (/home/wathiede/node_modules/handlebars/dist/cjs/handlebars/helpers/if.js:27:22)
2022-03-07T01:13:32.783Z thumbsup:error     at File.wrapper (/home/wathiede/node_modules/handlebars/dist/cjs/handlebars/internal/wrapHelper.js:15:19)
2022-03-07T01:13:32.783Z thumbsup:error     at Object.eval [as main] (eval at createFunctionContext (/home/wathiede/node_modules/handlebars/dist/cjs/handlebars/compiler/javascript-compiler.js:262:23), <anonymous>:10:50)
2022-03-07T01:13:32.783Z thumbsup:error     at main (/home/wathiede/node_modules/handlebars/dist/cjs/handlebars/runtime.js:208:32)
2022-03-07T01:13:32.783Z thumbsup:error     at ret (/home/wathiede/node_modules/handlebars/dist/cjs/handlebars/runtime.js:212:12)
2022-03-07T01:13:32.783Z thumbsup:error     at ret (/home/wathiede/node_modules/handlebars/dist/cjs/handlebars/compiler/compiler.js:519:21)
2022-03-07T01:14:49.225Z thumbsup:warn gifsicle (http://www.lcdf.org/gifsicle) is not installed. You will not be able to process animated GIFs.
2022-03-07T01:14:49.225Z thumbsup:warn dcraw (https://www.cybercom.net/~dcoffin/dcraw/) is not installed. You will not be able to process RAW photos.
2022-03-07T01:14:49.225Z thumbsup:warn zip (https://linux.die.net/man/1/zip) is not installed. You will not be able to create ZIP files.
2022-03-07T01:15:23.385Z thumbsup:warn gifsicle (http://www.lcdf.org/gifsicle) is not installed. You will not be able to process animated GIFs.
2022-03-07T01:15:23.385Z thumbsup:warn dcraw (https://www.cybercom.net/~dcoffin/dcraw/) is not installed. You will not be able to process RAW photos.
2022-03-07T01:15:23.385Z thumbsup:warn zip (https://linux.die.net/man/1/zip) is not installed. You will not be able to create ZIP files.
2022-03-07T02:21:59.390Z thumbsup:warn gifsicle (http://www.lcdf.org/gifsicle) is not installed. You will not be able to process animated GIFs.
2022-03-07T02:21:59.390Z thumbsup:warn dcraw (https://www.cybercom.net/~dcoffin/dcraw/) is not installed. You will not be able to process RAW photos.
2022-03-07T02:21:59.390Z thumbsup:warn zip (https://linux.die.net/man/1/zip) is not installed. You will not be able to create ZIP files.
2022-03-07T02:22:48.614Z thumbsup:warn gifsicle (http://www.lcdf.org/gifsicle) is not installed. You will not be able to process animated GIFs.
2022-03-07T02:22:48.614Z thumbsup:warn dcraw (https://www.cybercom.net/~dcoffin/dcraw/) is not installed. You will not be able to process RAW photos.
2022-03-07T02:22:48.614Z thumbsup:warn zip (https://linux.die.net/man/1/zip) is not installed. You will not be able to create ZIP files.
2022-03-07T02:24:56.126Z thumbsup:warn gifsicle (http://www.lcdf.org/gifsicle) is not installed. You will not be able to process animated GIFs.
2022-03-07T02:24:56.126Z thumbsup:warn dcraw (https://www.cybercom.net/~dcoffin/dcraw/) is not installed. You will not be able to process RAW photos.
2022-03-07T02:24:56.126Z thumbsup:warn zip (https://linux.die.net/man/1/zip) is not installed. You will not be able to create ZIP files.
2022-03-07T02:25:52.433Z thumbsup:warn gifsicle (http://www.lcdf.org/gifsicle) is not installed. You will not be able to process animated GIFs.
2022-03-07T02:25:52.433Z thumbsup:warn dcraw (https://www.cybercom.net/~dcoffin/dcraw/) is not installed. You will not be able to process RAW photos.
2022-03-07T02:25:52.434Z thumbsup:warn zip (https://linux.die.net/man/1/zip) is not installed. You will not be able to create ZIP files.
2022-03-07T02:26:20.156Z thumbsup:warn gifsicle (http://www.lcdf.org/gifsicle) is not installed. You will not be able to process animated GIFs.
2022-03-07T02:26:20.156Z thumbsup:warn dcraw (https://www.cybercom.net/~dcoffin/dcraw/) is not installed. You will not be able to process RAW photos.
2022-03-07T02:26:20.156Z thumbsup:warn zip (https://linux.die.net/man/1/zip) is not installed. You will not be able to create ZIP files.
2022-03-07T02:27:46.439Z thumbsup:warn gifsicle (http://www.lcdf.org/gifsicle) is not installed. You will not be able to process animated GIFs.
2022-03-07T02:27:46.439Z thumbsup:warn dcraw (https://www.cybercom.net/~dcoffin/dcraw/) is not installed. You will not be able to process RAW photos.
2022-03-07T02:27:46.439Z thumbsup:warn zip (https://linux.die.net/man/1/zip) is not installed. You will not be able to create ZIP files.
2022-03-07T02:30:05.071Z thumbsup:warn gifsicle (http://www.lcdf.org/gifsicle) is not installed. You will not be able to process animated GIFs.
2022-03-07T02:30:05.071Z thumbsup:warn dcraw (https://www.cybercom.net/~dcoffin/dcraw/) is not installed. You will not be able to process RAW photos.
2022-03-07T02:30:05.071Z thumbsup:warn zip (https://linux.die.net/man/1/zip) is not installed. You will not be able to create ZIP files.
2022-03-07T02:30:47.553Z thumbsup:warn gifsicle (http://www.lcdf.org/gifsicle) is not installed. You will not be able to process animated GIFs.
2022-03-07T02:30:47.553Z thumbsup:warn dcraw (https://www.cybercom.net/~dcoffin/dcraw/) is not installed. You will not be able to process RAW photos.
2022-03-07T02:30:47.553Z thumbsup:warn zip (https://linux.die.net/man/1/zip) is not installed. You will not be able to create ZIP files.
2022-03-07T02:33:41.158Z thumbsup:warn gifsicle (http://www.lcdf.org/gifsicle) is not installed. You will not be able to process animated GIFs.
2022-03-07T02:33:41.159Z thumbsup:warn dcraw (https://www.cybercom.net/~dcoffin/dcraw/) is not installed. You will not be able to process RAW photos.
2022-03-07T02:33:41.159Z thumbsup:warn zip (https://linux.die.net/man/1/zip) is not installed. You will not be able to create ZIP files.
2022-03-07T02:37:56.629Z thumbsup:warn gifsicle (http://www.lcdf.org/gifsicle) is not installed. You will not be able to process animated GIFs.
2022-03-07T02:37:56.629Z thumbsup:warn dcraw (https://www.cybercom.net/~dcoffin/dcraw/) is not installed. You will not be able to process RAW photos.
2022-03-07T02:37:56.629Z thumbsup:warn zip (https://linux.die.net/man/1/zip) is not installed. You will not be able to create ZIP files.
2022-03-07T02:37:56.765Z thumbsup:error TypeError: Cannot read property 'replaceAll' of undefined
2022-03-07T02:37:56.765Z thumbsup:error     at File.module.exports (/home/wathiede/src/xinu.tv/voron-build/thumbsup/theme/helpers/word_breaks.js:2:12)
2022-03-07T02:37:56.765Z thumbsup:error     at File.wrapper (/home/wathiede/node_modules/handlebars/dist/cjs/handlebars/internal/wrapHelper.js:15:19)
2022-03-07T02:37:56.765Z thumbsup:error     at eval (eval at createFunctionContext (/home/wathiede/node_modules/handlebars/dist/cjs/handlebars/compiler/javascript-compiler.js:262:23), <anonymous>:31:112)
2022-03-07T02:37:56.765Z thumbsup:error     at Object.prog [as inverse] (/home/wathiede/node_modules/handlebars/dist/cjs/handlebars/runtime.js:268:12)
2022-03-07T02:37:56.765Z thumbsup:error     at File.<anonymous> (/home/wathiede/node_modules/handlebars/dist/cjs/handlebars/helpers/if.js:27:22)
2022-03-07T02:37:56.765Z thumbsup:error     at File.wrapper (/home/wathiede/node_modules/handlebars/dist/cjs/handlebars/internal/wrapHelper.js:15:19)
2022-03-07T02:37:56.765Z thumbsup:error     at Object.eval [as main] (eval at createFunctionContext (/home/wathiede/node_modules/handlebars/dist/cjs/handlebars/compiler/javascript-compiler.js:262:23), <anonymous>:10:50)
2022-03-07T02:37:56.765Z thumbsup:error     at main (/home/wathiede/node_modules/handlebars/dist/cjs/handlebars/runtime.js:208:32)
2022-03-07T02:37:56.765Z thumbsup:error     at ret (/home/wathiede/node_modules/handlebars/dist/cjs/handlebars/runtime.js:212:12)
2022-03-07T02:37:56.765Z thumbsup:error     at ret (/home/wathiede/node_modules/handlebars/dist/cjs/handlebars/compiler/compiler.js:519:21)
2022-03-07T02:38:13.125Z thumbsup:warn gifsicle (http://www.lcdf.org/gifsicle) is not installed. You will not be able to process animated GIFs.
2022-03-07T02:38:13.126Z thumbsup:warn dcraw (https://www.cybercom.net/~dcoffin/dcraw/) is not installed. You will not be able to process RAW photos.
2022-03-07T02:38:13.126Z thumbsup:warn zip (https://linux.die.net/man/1/zip) is not installed. You will not be able to create ZIP files.
2022-03-07T02:38:13.266Z thumbsup:error TypeError: string.replaceAll is not a function
2022-03-07T02:38:13.266Z thumbsup:error     at File.module.exports (/home/wathiede/src/xinu.tv/voron-build/thumbsup/theme/helpers/word_breaks.js:2:12)
2022-03-07T02:38:13.266Z thumbsup:error     at File.wrapper (/home/wathiede/node_modules/handlebars/dist/cjs/handlebars/internal/wrapHelper.js:15:19)
2022-03-07T02:38:13.266Z thumbsup:error     at eval (eval at createFunctionContext (/home/wathiede/node_modules/handlebars/dist/cjs/handlebars/compiler/javascript-compiler.js:262:23), <anonymous>:31:112)
2022-03-07T02:38:13.266Z thumbsup:error     at Object.prog [as inverse] (/home/wathiede/node_modules/handlebars/dist/cjs/handlebars/runtime.js:268:12)
2022-03-07T02:38:13.266Z thumbsup:error     at File.<anonymous> (/home/wathiede/node_modules/handlebars/dist/cjs/handlebars/helpers/if.js:27:22)
2022-03-07T02:38:13.266Z thumbsup:error     at File.wrapper (/home/wathiede/node_modules/handlebars/dist/cjs/handlebars/internal/wrapHelper.js:15:19)
2022-03-07T02:38:13.266Z thumbsup:error     at Object.eval [as main] (eval at createFunctionContext (/home/wathiede/node_modules/handlebars/dist/cjs/handlebars/compiler/javascript-compiler.js:262:23), <anonymous>:10:50)
2022-03-07T02:38:13.266Z thumbsup:error     at main (/home/wathiede/node_modules/handlebars/dist/cjs/handlebars/runtime.js:208:32)
2022-03-07T02:38:13.266Z thumbsup:error     at ret (/home/wathiede/node_modules/handlebars/dist/cjs/handlebars/runtime.js:212:12)
2022-03-07T02:38:13.266Z thumbsup:error     at ret (/home/wathiede/node_modules/handlebars/dist/cjs/handlebars/compiler/compiler.js:519:21)
2022-03-07T02:38:38.112Z thumbsup:warn gifsicle (http://www.lcdf.org/gifsicle) is not installed. You will not be able to process animated GIFs.
2022-03-07T02:38:38.112Z thumbsup:warn dcraw (https://www.cybercom.net/~dcoffin/dcraw/) is not installed. You will not be able to process RAW photos.
2022-03-07T02:38:38.112Z thumbsup:warn zip (https://linux.die.net/man/1/zip) is not installed. You will not be able to create ZIP files.
2022-03-07T02:38:38.256Z thumbsup:error TypeError: str.replaceAll is not a function
2022-03-07T02:38:38.256Z thumbsup:error     at File.module.exports (/home/wathiede/src/xinu.tv/voron-build/thumbsup/theme/helpers/word_breaks.js:2:16)
2022-03-07T02:38:38.256Z thumbsup:error     at File.wrapper (/home/wathiede/node_modules/handlebars/dist/cjs/handlebars/internal/wrapHelper.js:15:19)
2022-03-07T02:38:38.256Z thumbsup:error     at eval (eval at createFunctionContext (/home/wathiede/node_modules/handlebars/dist/cjs/handlebars/compiler/javascript-compiler.js:262:23), <anonymous>:31:112)
2022-03-07T02:38:38.256Z thumbsup:error     at Object.prog [as inverse] (/home/wathiede/node_modules/handlebars/dist/cjs/handlebars/runtime.js:268:12)
2022-03-07T02:38:38.256Z thumbsup:error     at File.<anonymous> (/home/wathiede/node_modules/handlebars/dist/cjs/handlebars/helpers/if.js:27:22)
2022-03-07T02:38:38.256Z thumbsup:error     at File.wrapper (/home/wathiede/node_modules/handlebars/dist/cjs/handlebars/internal/wrapHelper.js:15:19)
2022-03-07T02:38:38.256Z thumbsup:error     at Object.eval [as main] (eval at createFunctionContext (/home/wathiede/node_modules/handlebars/dist/cjs/handlebars/compiler/javascript-compiler.js:262:23), <anonymous>:10:50)
2022-03-07T02:38:38.256Z thumbsup:error     at main (/home/wathiede/node_modules/handlebars/dist/cjs/handlebars/runtime.js:208:32)
2022-03-07T02:38:38.256Z thumbsup:error     at ret (/home/wathiede/node_modules/handlebars/dist/cjs/handlebars/runtime.js:212:12)
2022-03-07T02:38:38.256Z thumbsup:error     at ret (/home/wathiede/node_modules/handlebars/dist/cjs/handlebars/compiler/compiler.js:519:21)
2022-03-07T02:38:41.489Z thumbsup:warn gifsicle (http://www.lcdf.org/gifsicle) is not installed. You will not be able to process animated GIFs.
2022-03-07T02:38:41.489Z thumbsup:warn dcraw (https://www.cybercom.net/~dcoffin/dcraw/) is not installed. You will not be able to process RAW photos.
2022-03-07T02:38:41.489Z thumbsup:warn zip (https://linux.die.net/man/1/zip) is not installed. You will not be able to create ZIP files.
2022-03-07T02:38:41.627Z thumbsup:error TypeError: str.replaceAll is not a function
2022-03-07T02:38:41.627Z thumbsup:error     at File.module.exports (/home/wathiede/src/xinu.tv/voron-build/thumbsup/theme/helpers/word_breaks.js:2:16)
2022-03-07T02:38:41.627Z thumbsup:error     at File.wrapper (/home/wathiede/node_modules/handlebars/dist/cjs/handlebars/internal/wrapHelper.js:15:19)
2022-03-07T02:38:41.627Z thumbsup:error     at eval (eval at createFunctionContext (/home/wathiede/node_modules/handlebars/dist/cjs/handlebars/compiler/javascript-compiler.js:262:23), <anonymous>:31:112)
2022-03-07T02:38:41.627Z thumbsup:error     at Object.prog [as inverse] (/home/wathiede/node_modules/handlebars/dist/cjs/handlebars/runtime.js:268:12)
2022-03-07T02:38:41.627Z thumbsup:error     at File.<anonymous> (/home/wathiede/node_modules/handlebars/dist/cjs/handlebars/helpers/if.js:27:22)
2022-03-07T02:38:41.627Z thumbsup:error     at File.wrapper (/home/wathiede/node_modules/handlebars/dist/cjs/handlebars/internal/wrapHelper.js:15:19)
2022-03-07T02:38:41.627Z thumbsup:error     at Object.eval [as main] (eval at createFunctionContext (/home/wathiede/node_modules/handlebars/dist/cjs/handlebars/compiler/javascript-compiler.js:262:23), <anonymous>:10:50)
2022-03-07T02:38:41.627Z thumbsup:error     at main (/home/wathiede/node_modules/handlebars/dist/cjs/handlebars/runtime.js:208:32)
2022-03-07T02:38:41.627Z thumbsup:error     at ret (/home/wathiede/node_modules/handlebars/dist/cjs/handlebars/runtime.js:212:12)
2022-03-07T02:38:41.627Z thumbsup:error     at ret (/home/wathiede/node_modules/handlebars/dist/cjs/handlebars/compiler/compiler.js:519:21)
2022-03-07T02:40:19.841Z thumbsup:warn gifsicle (http://www.lcdf.org/gifsicle) is not installed. You will not be able to process animated GIFs.
2022-03-07T02:40:19.842Z thumbsup:warn dcraw (https://www.cybercom.net/~dcoffin/dcraw/) is not installed. You will not be able to process RAW photos.
2022-03-07T02:40:19.842Z thumbsup:warn zip (https://linux.die.net/man/1/zip) is not installed. You will not be able to create ZIP files.
2022-03-07T02:40:19.930Z thumbsup:error /home/wathiede/src/xinu.tv/voron-build/thumbsup/theme/helpers/word_breaks.js:2
2022-03-07T02:40:19.930Z thumbsup:error   if str {
2022-03-07T02:40:19.930Z thumbsup:error      ^^^
2022-03-07T02:40:19.930Z thumbsup:error 
2022-03-07T02:40:19.930Z thumbsup:error SyntaxError: Unexpected identifier
2022-03-07T02:40:19.930Z thumbsup:error     at wrapSafe (internal/modules/cjs/loader.js:1001:16)
2022-03-07T02:40:19.930Z thumbsup:error     at Module._compile (internal/modules/cjs/loader.js:1049:27)
2022-03-07T02:40:19.930Z thumbsup:error     at Object.Module._extensions..js (internal/modules/cjs/loader.js:1114:10)
2022-03-07T02:40:19.930Z thumbsup:error     at Module.load (internal/modules/cjs/loader.js:950:32)
2022-03-07T02:40:19.930Z thumbsup:error     at Function.Module._load (internal/modules/cjs/loader.js:790:12)
2022-03-07T02:40:19.930Z thumbsup:error     at Module.require (internal/modules/cjs/loader.js:974:19)
2022-03-07T02:40:19.930Z thumbsup:error     at require (internal/modules/cjs/helpers.js:93:18)
2022-03-07T02:40:19.930Z thumbsup:error     at /home/wathiede/node_modules/thumbsup/src/website/theme.js:98:39
2022-03-07T02:40:19.930Z thumbsup:error     at Array.forEach (<anonymous>)
2022-03-07T02:40:19.930Z thumbsup:error     at Theme.loadHelpers (/home/wathiede/node_modules/thumbsup/src/website/theme.js:94:30)
2022-03-07T02:40:29.499Z thumbsup:warn gifsicle (http://www.lcdf.org/gifsicle) is not installed. You will not be able to process animated GIFs.
2022-03-07T02:40:29.499Z thumbsup:warn dcraw (https://www.cybercom.net/~dcoffin/dcraw/) is not installed. You will not be able to process RAW photos.
2022-03-07T02:40:29.499Z thumbsup:warn zip (https://linux.die.net/man/1/zip) is not installed. You will not be able to create ZIP files.
2022-03-07T02:40:51.647Z thumbsup:warn gifsicle (http://www.lcdf.org/gifsicle) is not installed. You will not be able to process animated GIFs.
2022-03-07T02:40:51.647Z thumbsup:warn dcraw (https://www.cybercom.net/~dcoffin/dcraw/) is not installed. You will not be able to process RAW photos.
2022-03-07T02:40:51.647Z thumbsup:warn zip (https://linux.die.net/man/1/zip) is not installed. You will not be able to create ZIP files.
2022-03-07T02:41:50.682Z thumbsup:warn gifsicle (http://www.lcdf.org/gifsicle) is not installed. You will not be able to process animated GIFs.
2022-03-07T02:41:50.682Z thumbsup:warn dcraw (https://www.cybercom.net/~dcoffin/dcraw/) is not installed. You will not be able to process RAW photos.
2022-03-07T02:41:50.682Z thumbsup:warn zip (https://linux.die.net/man/1/zip) is not installed. You will not be able to create ZIP files.
2022-03-07T02:42:24.667Z thumbsup:warn gifsicle (http://www.lcdf.org/gifsicle) is not installed. You will not be able to process animated GIFs.
2022-03-07T02:42:24.667Z thumbsup:warn dcraw (https://www.cybercom.net/~dcoffin/dcraw/) is not installed. You will not be able to process RAW photos.
2022-03-07T02:42:24.667Z thumbsup:warn zip (https://linux.die.net/man/1/zip) is not installed. You will not be able to create ZIP files.
2022-03-07T02:44:35.628Z thumbsup:warn gifsicle (http://www.lcdf.org/gifsicle) is not installed. You will not be able to process animated GIFs.
2022-03-07T02:44:35.628Z thumbsup:warn dcraw (https://www.cybercom.net/~dcoffin/dcraw/) is not installed. You will not be able to process RAW photos.
2022-03-07T02:44:35.628Z thumbsup:warn zip (https://linux.die.net/man/1/zip) is not installed. You will not be able to create ZIP files.
2022-03-07T02:44:42.343Z thumbsup:warn gifsicle (http://www.lcdf.org/gifsicle) is not installed. You will not be able to process animated GIFs.
2022-03-07T02:44:42.343Z thumbsup:warn dcraw (https://www.cybercom.net/~dcoffin/dcraw/) is not installed. You will not be able to process RAW photos.
2022-03-07T02:44:42.343Z thumbsup:warn zip (https://linux.die.net/man/1/zip) is not installed. You will not be able to create ZIP files.
2022-03-07T02:44:42.492Z thumbsup:error TypeError: str.replaceAll is not a function
2022-03-07T02:44:42.492Z thumbsup:error     at File.module.exports (/home/wathiede/src/xinu.tv/voron-build/thumbsup/theme/helpers/word_breaks.js:6:17)
2022-03-07T02:44:42.492Z thumbsup:error     at File.wrapper (/home/wathiede/node_modules/handlebars/dist/cjs/handlebars/internal/wrapHelper.js:15:19)
2022-03-07T02:44:42.492Z thumbsup:error     at eval (eval at createFunctionContext (/home/wathiede/node_modules/handlebars/dist/cjs/handlebars/compiler/javascript-compiler.js:262:23), <anonymous>:31:112)
2022-03-07T02:44:42.492Z thumbsup:error     at Object.prog [as inverse] (/home/wathiede/node_modules/handlebars/dist/cjs/handlebars/runtime.js:268:12)
2022-03-07T02:44:42.492Z thumbsup:error     at File.<anonymous> (/home/wathiede/node_modules/handlebars/dist/cjs/handlebars/helpers/if.js:27:22)
2022-03-07T02:44:42.492Z thumbsup:error     at File.wrapper (/home/wathiede/node_modules/handlebars/dist/cjs/handlebars/internal/wrapHelper.js:15:19)
2022-03-07T02:44:42.492Z thumbsup:error     at Object.eval [as main] (eval at createFunctionContext (/home/wathiede/node_modules/handlebars/dist/cjs/handlebars/compiler/javascript-compiler.js:262:23), <anonymous>:10:50)
2022-03-07T02:44:42.492Z thumbsup:error     at main (/home/wathiede/node_modules/handlebars/dist/cjs/handlebars/runtime.js:208:32)
2022-03-07T02:44:42.492Z thumbsup:error     at ret (/home/wathiede/node_modules/handlebars/dist/cjs/handlebars/runtime.js:212:12)
2022-03-07T02:44:42.492Z thumbsup:error     at ret (/home/wathiede/node_modules/handlebars/dist/cjs/handlebars/compiler/compiler.js:519:21)
2022-03-07T02:45:01.105Z thumbsup:warn gifsicle (http://www.lcdf.org/gifsicle) is not installed. You will not be able to process animated GIFs.
2022-03-07T02:45:01.105Z thumbsup:warn dcraw (https://www.cybercom.net/~dcoffin/dcraw/) is not installed. You will not be able to process RAW photos.
2022-03-07T02:45:01.105Z thumbsup:warn zip (https://linux.die.net/man/1/zip) is not installed. You will not be able to create ZIP files.
2022-03-07T02:46:05.727Z thumbsup:warn gifsicle (http://www.lcdf.org/gifsicle) is not installed. You will not be able to process animated GIFs.
2022-03-07T02:46:05.727Z thumbsup:warn dcraw (https://www.cybercom.net/~dcoffin/dcraw/) is not installed. You will not be able to process RAW photos.
2022-03-07T02:46:05.727Z thumbsup:warn zip (https://linux.die.net/man/1/zip) is not installed. You will not be able to create ZIP files.
2022-03-07T02:47:30.013Z thumbsup:warn gifsicle (http://www.lcdf.org/gifsicle) is not installed. You will not be able to process animated GIFs.
2022-03-07T02:47:30.013Z thumbsup:warn dcraw (https://www.cybercom.net/~dcoffin/dcraw/) is not installed. You will not be able to process RAW photos.
2022-03-07T02:47:30.013Z thumbsup:warn zip (https://linux.die.net/man/1/zip) is not installed. You will not be able to create ZIP files.
2022-03-07T02:47:44.868Z thumbsup:warn gifsicle (http://www.lcdf.org/gifsicle) is not installed. You will not be able to process animated GIFs.
2022-03-07T02:47:44.868Z thumbsup:warn dcraw (https://www.cybercom.net/~dcoffin/dcraw/) is not installed. You will not be able to process RAW photos.
2022-03-07T02:47:44.868Z thumbsup:warn zip (https://linux.die.net/man/1/zip) is not installed. You will not be able to create ZIP files.
2022-03-07T02:47:53.586Z thumbsup:warn gifsicle (http://www.lcdf.org/gifsicle) is not installed. You will not be able to process animated GIFs.
2022-03-07T02:47:53.586Z thumbsup:warn dcraw (https://www.cybercom.net/~dcoffin/dcraw/) is not installed. You will not be able to process RAW photos.
2022-03-07T02:47:53.586Z thumbsup:warn zip (https://linux.die.net/man/1/zip) is not installed. You will not be able to create ZIP files.
2022-03-07T02:48:03.253Z thumbsup:warn gifsicle (http://www.lcdf.org/gifsicle) is not installed. You will not be able to process animated GIFs.
2022-03-07T02:48:03.253Z thumbsup:warn dcraw (https://www.cybercom.net/~dcoffin/dcraw/) is not installed. You will not be able to process RAW photos.
2022-03-07T02:48:03.253Z thumbsup:warn zip (https://linux.die.net/man/1/zip) is not installed. You will not be able to create ZIP files.
2022-03-07T02:48:13.579Z thumbsup:warn gifsicle (http://www.lcdf.org/gifsicle) is not installed. You will not be able to process animated GIFs.
2022-03-07T02:48:13.579Z thumbsup:warn dcraw (https://www.cybercom.net/~dcoffin/dcraw/) is not installed. You will not be able to process RAW photos.
2022-03-07T02:48:13.579Z thumbsup:warn zip (https://linux.die.net/man/1/zip) is not installed. You will not be able to create ZIP files.
2022-03-07T02:49:18.806Z thumbsup:warn gifsicle (http://www.lcdf.org/gifsicle) is not installed. You will not be able to process animated GIFs.
2022-03-07T02:49:18.807Z thumbsup:warn dcraw (https://www.cybercom.net/~dcoffin/dcraw/) is not installed. You will not be able to process RAW photos.
2022-03-07T02:49:18.807Z thumbsup:warn zip (https://linux.die.net/man/1/zip) is not installed. You will not be able to create ZIP files.
2022-03-07T02:49:56.919Z thumbsup:warn gifsicle (http://www.lcdf.org/gifsicle) is not installed. You will not be able to process animated GIFs.
2022-03-07T02:49:56.919Z thumbsup:warn dcraw (https://www.cybercom.net/~dcoffin/dcraw/) is not installed. You will not be able to process RAW photos.
2022-03-07T02:49:56.919Z thumbsup:warn zip (https://linux.die.net/man/1/zip) is not installed. You will not be able to create ZIP files.
2022-03-07T02:50:13.603Z thumbsup:warn gifsicle (http://www.lcdf.org/gifsicle) is not installed. You will not be able to process animated GIFs.
2022-03-07T02:50:13.603Z thumbsup:warn dcraw (https://www.cybercom.net/~dcoffin/dcraw/) is not installed. You will not be able to process RAW photos.
2022-03-07T02:50:13.603Z thumbsup:warn zip (https://linux.die.net/man/1/zip) is not installed. You will not be able to create ZIP files.
2022-03-07T02:50:13.716Z thumbsup:error TypeError: str.replaceAll is not a function
2022-03-07T02:50:13.716Z thumbsup:error     at Object.module.exports (/home/wathiede/src/xinu.tv/voron-build/thumbsup/theme/helpers/titlify.js:2:14)
2022-03-07T02:50:13.716Z thumbsup:error     at Object.wrapper (/home/wathiede/node_modules/handlebars/dist/cjs/handlebars/internal/wrapHelper.js:15:19)
2022-03-07T02:50:13.716Z thumbsup:error     at Object.eval [as main] (eval at createFunctionContext (/home/wathiede/node_modules/handlebars/dist/cjs/handlebars/compiler/javascript-compiler.js:262:23), <anonymous>:11:104)
2022-03-07T02:50:13.716Z thumbsup:error     at main (/home/wathiede/node_modules/handlebars/dist/cjs/handlebars/runtime.js:208:32)
2022-03-07T02:50:13.716Z thumbsup:error     at Theme.ret (/home/wathiede/node_modules/handlebars/dist/cjs/handlebars/runtime.js:212:12)
2022-03-07T02:50:13.716Z thumbsup:error     at Theme.ret [as template] (/home/wathiede/node_modules/handlebars/dist/cjs/handlebars/compiler/compiler.js:519:21)
2022-03-07T02:50:13.716Z thumbsup:error     at Theme.render (/home/wathiede/node_modules/thumbsup/src/website/theme.js:64:27)
2022-03-07T02:50:13.716Z thumbsup:error     at /home/wathiede/node_modules/thumbsup/src/website/website.js:30:26
2022-03-07T02:50:13.716Z thumbsup:error     at /home/wathiede/node_modules/thumbsup/node_modules/async/dist/async.js:3669:28
2022-03-07T02:50:13.716Z thumbsup:error     at replenish (/home/wathiede/node_modules/thumbsup/node_modules/async/dist/async.js:446:21)
2022-03-07T02:52:52.188Z thumbsup:warn gifsicle (http://www.lcdf.org/gifsicle) is not installed. You will not be able to process animated GIFs.
2022-03-07T02:52:52.188Z thumbsup:warn dcraw (https://www.cybercom.net/~dcoffin/dcraw/) is not installed. You will not be able to process RAW photos.
2022-03-07T02:52:52.188Z thumbsup:warn zip (https://linux.die.net/man/1/zip) is not installed. You will not be able to create ZIP files.
2022-03-07T02:52:52.304Z thumbsup:error ReferenceError: escapeRegExp is not defined
2022-03-07T02:52:52.304Z thumbsup:error     at replaceAll (/home/wathiede/src/xinu.tv/voron-build/thumbsup/theme/helpers/titlify.js:3:28)
2022-03-07T02:52:52.304Z thumbsup:error     at Object.module.exports (/home/wathiede/src/xinu.tv/voron-build/thumbsup/theme/helpers/titlify.js:5:10)
2022-03-07T02:52:52.304Z thumbsup:error     at Object.wrapper (/home/wathiede/node_modules/handlebars/dist/cjs/handlebars/internal/wrapHelper.js:15:19)
2022-03-07T02:52:52.304Z thumbsup:error     at Object.eval [as main] (eval at createFunctionContext (/home/wathiede/node_modules/handlebars/dist/cjs/handlebars/compiler/javascript-compiler.js:262:23), <anonymous>:11:104)
2022-03-07T02:52:52.304Z thumbsup:error     at main (/home/wathiede/node_modules/handlebars/dist/cjs/handlebars/runtime.js:208:32)
2022-03-07T02:52:52.304Z thumbsup:error     at Theme.ret (/home/wathiede/node_modules/handlebars/dist/cjs/handlebars/runtime.js:212:12)
2022-03-07T02:52:52.304Z thumbsup:error     at Theme.ret [as template] (/home/wathiede/node_modules/handlebars/dist/cjs/handlebars/compiler/compiler.js:519:21)
2022-03-07T02:52:52.304Z thumbsup:error     at Theme.render (/home/wathiede/node_modules/thumbsup/src/website/theme.js:64:27)
2022-03-07T02:52:52.304Z thumbsup:error     at /home/wathiede/node_modules/thumbsup/src/website/website.js:30:26
2022-03-07T02:52:52.304Z thumbsup:error     at /home/wathiede/node_modules/thumbsup/node_modules/async/dist/async.js:3669:28
2022-03-07T02:53:18.543Z thumbsup:warn gifsicle (http://www.lcdf.org/gifsicle) is not installed. You will not be able to process animated GIFs.
2022-03-07T02:53:18.543Z thumbsup:warn dcraw (https://www.cybercom.net/~dcoffin/dcraw/) is not installed. You will not be able to process RAW photos.
2022-03-07T02:53:18.543Z thumbsup:warn zip (https://linux.die.net/man/1/zip) is not installed. You will not be able to create ZIP files.
2022-03-07T02:53:44.709Z thumbsup:warn gifsicle (http://www.lcdf.org/gifsicle) is not installed. You will not be able to process animated GIFs.
2022-03-07T02:53:44.709Z thumbsup:warn dcraw (https://www.cybercom.net/~dcoffin/dcraw/) is not installed. You will not be able to process RAW photos.
2022-03-07T02:53:44.709Z thumbsup:warn zip (https://linux.die.net/man/1/zip) is not installed. You will not be able to create ZIP files.
2022-03-07T02:53:44.797Z thumbsup:error /home/wathiede/src/xinu.tv/voron-build/thumbsup/theme/helpers/word_breaks.js:8
2022-03-07T02:53:44.797Z thumbsup:error   return replaceAll(str"_", "_ ");
2022-03-07T02:53:44.797Z thumbsup:error                     ^^^
2022-03-07T02:53:44.797Z thumbsup:error 
2022-03-07T02:53:44.797Z thumbsup:error SyntaxError: missing ) after argument list
2022-03-07T02:53:44.797Z thumbsup:error     at wrapSafe (internal/modules/cjs/loader.js:1001:16)
2022-03-07T02:53:44.797Z thumbsup:error     at Module._compile (internal/modules/cjs/loader.js:1049:27)
2022-03-07T02:53:44.797Z thumbsup:error     at Object.Module._extensions..js (internal/modules/cjs/loader.js:1114:10)
2022-03-07T02:53:44.797Z thumbsup:error     at Module.load (internal/modules/cjs/loader.js:950:32)
2022-03-07T02:53:44.797Z thumbsup:error     at Function.Module._load (internal/modules/cjs/loader.js:790:12)
2022-03-07T02:53:44.797Z thumbsup:error     at Module.require (internal/modules/cjs/loader.js:974:19)
2022-03-07T02:53:44.797Z thumbsup:error     at require (internal/modules/cjs/helpers.js:93:18)
2022-03-07T02:53:44.797Z thumbsup:error     at /home/wathiede/node_modules/thumbsup/src/website/theme.js:98:39
2022-03-07T02:53:44.797Z thumbsup:error     at Array.forEach (<anonymous>)
2022-03-07T02:53:44.797Z thumbsup:error     at Theme.loadHelpers (/home/wathiede/node_modules/thumbsup/src/website/theme.js:94:30)
2022-03-07T02:53:48.195Z thumbsup:warn gifsicle (http://www.lcdf.org/gifsicle) is not installed. You will not be able to process animated GIFs.
2022-03-07T02:53:48.196Z thumbsup:warn dcraw (https://www.cybercom.net/~dcoffin/dcraw/) is not installed. You will not be able to process RAW photos.
2022-03-07T02:53:48.196Z thumbsup:warn zip (https://linux.die.net/man/1/zip) is not installed. You will not be able to create ZIP files.
2022-03-07T03:01:18.850Z thumbsup:warn gifsicle (http://www.lcdf.org/gifsicle) is not installed. You will not be able to process animated GIFs.
2022-03-07T03:01:18.850Z thumbsup:warn dcraw (https://www.cybercom.net/~dcoffin/dcraw/) is not installed. You will not be able to process RAW photos.
2022-03-07T03:01:18.850Z thumbsup:warn zip (https://linux.die.net/man/1/zip) is not installed. You will not be able to create ZIP files.
2022-03-07T03:01:30.385Z thumbsup:warn gifsicle (http://www.lcdf.org/gifsicle) is not installed. You will not be able to process animated GIFs.
2022-03-07T03:01:30.385Z thumbsup:warn dcraw (https://www.cybercom.net/~dcoffin/dcraw/) is not installed. You will not be able to process RAW photos.
2022-03-07T03:01:30.385Z thumbsup:warn zip (https://linux.die.net/man/1/zip) is not installed. You will not be able to create ZIP files.
2022-03-07T03:01:40.755Z thumbsup:warn gifsicle (http://www.lcdf.org/gifsicle) is not installed. You will not be able to process animated GIFs.
2022-03-07T03:01:40.755Z thumbsup:warn dcraw (https://www.cybercom.net/~dcoffin/dcraw/) is not installed. You will not be able to process RAW photos.
2022-03-07T03:01:40.755Z thumbsup:warn zip (https://linux.die.net/man/1/zip) is not installed. You will not be able to create ZIP files.
2022-03-07T03:01:40.892Z thumbsup:error TypeError: Cannot read property 'replace' of undefined
2022-03-07T03:01:40.892Z thumbsup:error     at replaceAll (/home/wathiede/src/xinu.tv/voron-build/thumbsup/theme/helpers/word_breaks.js:6:16)
2022-03-07T03:01:40.892Z thumbsup:error     at File.module.exports (/home/wathiede/src/xinu.tv/voron-build/thumbsup/theme/helpers/word_breaks.js:8:10)
2022-03-07T03:01:40.892Z thumbsup:error     at File.wrapper (/home/wathiede/node_modules/handlebars/dist/cjs/handlebars/internal/wrapHelper.js:15:19)
2022-03-07T03:01:40.892Z thumbsup:error     at eval (eval at createFunctionContext (/home/wathiede/node_modules/handlebars/dist/cjs/handlebars/compiler/javascript-compiler.js:262:23), <anonymous>:31:112)
2022-03-07T03:01:40.892Z thumbsup:error     at Object.prog [as inverse] (/home/wathiede/node_modules/handlebars/dist/cjs/handlebars/runtime.js:268:12)
2022-03-07T03:01:40.892Z thumbsup:error     at File.<anonymous> (/home/wathiede/node_modules/handlebars/dist/cjs/handlebars/helpers/if.js:27:22)
2022-03-07T03:01:40.892Z thumbsup:error     at File.wrapper (/home/wathiede/node_modules/handlebars/dist/cjs/handlebars/internal/wrapHelper.js:15:19)
2022-03-07T03:01:40.892Z thumbsup:error     at Object.eval [as main] (eval at createFunctionContext (/home/wathiede/node_modules/handlebars/dist/cjs/handlebars/compiler/javascript-compiler.js:262:23), <anonymous>:10:50)
2022-03-07T03:01:40.892Z thumbsup:error     at main (/home/wathiede/node_modules/handlebars/dist/cjs/handlebars/runtime.js:208:32)
2022-03-07T03:01:40.892Z thumbsup:error     at ret (/home/wathiede/node_modules/handlebars/dist/cjs/handlebars/runtime.js:212:12)
2022-03-07T03:01:46.419Z thumbsup:warn gifsicle (http://www.lcdf.org/gifsicle) is not installed. You will not be able to process animated GIFs.
2022-03-07T03:01:46.419Z thumbsup:warn dcraw (https://www.cybercom.net/~dcoffin/dcraw/) is not installed. You will not be able to process RAW photos.
2022-03-07T03:01:46.419Z thumbsup:warn zip (https://linux.die.net/man/1/zip) is not installed. You will not be able to create ZIP files.
2022-03-07T03:03:38.074Z thumbsup:warn gifsicle (http://www.lcdf.org/gifsicle) is not installed. You will not be able to process animated GIFs.
2022-03-07T03:03:38.074Z thumbsup:warn dcraw (https://www.cybercom.net/~dcoffin/dcraw/) is not installed. You will not be able to process RAW photos.
2022-03-07T03:03:38.074Z thumbsup:warn zip (https://linux.die.net/man/1/zip) is not installed. You will not be able to create ZIP files.
2022-03-07T03:04:19.559Z thumbsup:warn gifsicle (http://www.lcdf.org/gifsicle) is not installed. You will not be able to process animated GIFs.
2022-03-07T03:04:19.559Z thumbsup:warn dcraw (https://www.cybercom.net/~dcoffin/dcraw/) is not installed. You will not be able to process RAW photos.
2022-03-07T03:04:19.559Z thumbsup:warn zip (https://linux.die.net/man/1/zip) is not installed. You will not be able to create ZIP files.
2022-03-07T03:05:25.040Z thumbsup:warn gifsicle (http://www.lcdf.org/gifsicle) is not installed. You will not be able to process animated GIFs.
2022-03-07T03:05:25.040Z thumbsup:warn dcraw (https://www.cybercom.net/~dcoffin/dcraw/) is not installed. You will not be able to process RAW photos.
2022-03-07T03:05:25.040Z thumbsup:warn zip (https://linux.die.net/man/1/zip) is not installed. You will not be able to create ZIP files.
2022-03-07T03:05:26.898Z thumbsup:warn gifsicle (http://www.lcdf.org/gifsicle) is not installed. You will not be able to process animated GIFs.
2022-03-07T03:05:26.898Z thumbsup:warn dcraw (https://www.cybercom.net/~dcoffin/dcraw/) is not installed. You will not be able to process RAW photos.
2022-03-07T03:05:26.898Z thumbsup:warn zip (https://linux.die.net/man/1/zip) is not installed. You will not be able to create ZIP files.
2022-03-07T03:15:35.829Z thumbsup:warn gifsicle (http://www.lcdf.org/gifsicle) is not installed. You will not be able to process animated GIFs.
2022-03-07T03:15:35.829Z thumbsup:warn dcraw (https://www.cybercom.net/~dcoffin/dcraw/) is not installed. You will not be able to process RAW photos.
2022-03-07T03:15:35.830Z thumbsup:warn zip (https://linux.die.net/man/1/zip) is not installed. You will not be able to create ZIP files.
2022-03-07T03:16:37.389Z thumbsup:warn gifsicle (http://www.lcdf.org/gifsicle) is not installed. You will not be able to process animated GIFs.
2022-03-07T03:16:37.389Z thumbsup:warn dcraw (https://www.cybercom.net/~dcoffin/dcraw/) is not installed. You will not be able to process RAW photos.
2022-03-07T03:16:37.389Z thumbsup:warn zip (https://linux.die.net/man/1/zip) is not installed. You will not be able to create ZIP files.
2022-03-07T03:17:51.240Z thumbsup:warn gifsicle (http://www.lcdf.org/gifsicle) is not installed. You will not be able to process animated GIFs.
2022-03-07T03:17:51.240Z thumbsup:warn dcraw (https://www.cybercom.net/~dcoffin/dcraw/) is not installed. You will not be able to process RAW photos.
2022-03-07T03:17:51.240Z thumbsup:warn zip (https://linux.die.net/man/1/zip) is not installed. You will not be able to create ZIP files.
2022-03-07T03:22:35.092Z thumbsup:warn gifsicle (http://www.lcdf.org/gifsicle) is not installed. You will not be able to process animated GIFs.
2022-03-07T03:22:35.092Z thumbsup:warn dcraw (https://www.cybercom.net/~dcoffin/dcraw/) is not installed. You will not be able to process RAW photos.
2022-03-07T03:22:35.092Z thumbsup:warn zip (https://linux.die.net/man/1/zip) is not installed. You will not be able to create ZIP files.
2022-03-07T03:26:58.254Z thumbsup:warn gifsicle (http://www.lcdf.org/gifsicle) is not installed. You will not be able to process animated GIFs.
2022-03-07T03:26:58.254Z thumbsup:warn dcraw (https://www.cybercom.net/~dcoffin/dcraw/) is not installed. You will not be able to process RAW photos.
2022-03-07T03:26:58.254Z thumbsup:warn zip (https://linux.die.net/man/1/zip) is not installed. You will not be able to create ZIP files.
2022-03-07T03:28:32.187Z thumbsup:warn gifsicle (http://www.lcdf.org/gifsicle) is not installed. You will not be able to process animated GIFs.
2022-03-07T03:28:32.187Z thumbsup:warn dcraw (https://www.cybercom.net/~dcoffin/dcraw/) is not installed. You will not be able to process RAW photos.
2022-03-07T03:28:32.187Z thumbsup:warn zip (https://linux.die.net/man/1/zip) is not installed. You will not be able to create ZIP files.
2022-03-07T03:29:38.289Z thumbsup:warn gifsicle (http://www.lcdf.org/gifsicle) is not installed. You will not be able to process animated GIFs.
2022-03-07T03:29:38.289Z thumbsup:warn dcraw (https://www.cybercom.net/~dcoffin/dcraw/) is not installed. You will not be able to process RAW photos.
2022-03-07T03:29:38.289Z thumbsup:warn zip (https://linux.die.net/man/1/zip) is not installed. You will not be able to create ZIP files.
2022-03-07T03:30:36.165Z thumbsup:warn gifsicle (http://www.lcdf.org/gifsicle) is not installed. You will not be able to process animated GIFs.
2022-03-07T03:30:36.165Z thumbsup:warn dcraw (https://www.cybercom.net/~dcoffin/dcraw/) is not installed. You will not be able to process RAW photos.
2022-03-07T03:30:36.165Z thumbsup:warn zip (https://linux.die.net/man/1/zip) is not installed. You will not be able to create ZIP files.
2022-03-07T03:30:47.619Z thumbsup:warn gifsicle (http://www.lcdf.org/gifsicle) is not installed. You will not be able to process animated GIFs.
2022-03-07T03:30:47.619Z thumbsup:warn dcraw (https://www.cybercom.net/~dcoffin/dcraw/) is not installed. You will not be able to process RAW photos.
2022-03-07T03:30:47.619Z thumbsup:warn zip (https://linux.die.net/man/1/zip) is not installed. You will not be able to create ZIP files.
2022-03-07T03:31:01.744Z thumbsup:warn gifsicle (http://www.lcdf.org/gifsicle) is not installed. You will not be able to process animated GIFs.
2022-03-07T03:31:01.744Z thumbsup:warn dcraw (https://www.cybercom.net/~dcoffin/dcraw/) is not installed. You will not be able to process RAW photos.
2022-03-07T03:31:01.744Z thumbsup:warn zip (https://linux.die.net/man/1/zip) is not installed. You will not be able to create ZIP files.
2022-03-07T03:31:49.524Z thumbsup:warn gifsicle (http://www.lcdf.org/gifsicle) is not installed. You will not be able to process animated GIFs.
2022-03-07T03:31:49.524Z thumbsup:warn dcraw (https://www.cybercom.net/~dcoffin/dcraw/) is not installed. You will not be able to process RAW photos.
2022-03-07T03:31:49.524Z thumbsup:warn zip (https://linux.die.net/man/1/zip) is not installed. You will not be able to create ZIP files.
2022-03-07T03:32:30.220Z thumbsup:warn gifsicle (http://www.lcdf.org/gifsicle) is not installed. You will not be able to process animated GIFs.
2022-03-07T03:32:30.220Z thumbsup:warn dcraw (https://www.cybercom.net/~dcoffin/dcraw/) is not installed. You will not be able to process RAW photos.
2022-03-07T03:32:30.220Z thumbsup:warn zip (https://linux.die.net/man/1/zip) is not installed. You will not be able to create ZIP files.
2022-03-07T03:32:57.982Z thumbsup:warn gifsicle (http://www.lcdf.org/gifsicle) is not installed. You will not be able to process animated GIFs.
2022-03-07T03:32:57.982Z thumbsup:warn dcraw (https://www.cybercom.net/~dcoffin/dcraw/) is not installed. You will not be able to process RAW photos.
2022-03-07T03:32:57.982Z thumbsup:warn zip (https://linux.die.net/man/1/zip) is not installed. You will not be able to create ZIP files.
2022-03-07T03:36:26.897Z thumbsup:warn gifsicle (http://www.lcdf.org/gifsicle) is not installed. You will not be able to process animated GIFs.
2022-03-07T03:36:26.898Z thumbsup:warn dcraw (https://www.cybercom.net/~dcoffin/dcraw/) is not installed. You will not be able to process RAW photos.
2022-03-07T03:36:26.898Z thumbsup:warn zip (https://linux.die.net/man/1/zip) is not installed. You will not be able to create ZIP files.
2022-03-07T03:37:32.673Z thumbsup:warn gifsicle (http://www.lcdf.org/gifsicle) is not installed. You will not be able to process animated GIFs.
2022-03-07T03:37:32.673Z thumbsup:warn dcraw (https://www.cybercom.net/~dcoffin/dcraw/) is not installed. You will not be able to process RAW photos.
2022-03-07T03:37:32.673Z thumbsup:warn zip (https://linux.die.net/man/1/zip) is not installed. You will not be able to create ZIP files.
2022-03-07T03:37:45.526Z thumbsup:warn gifsicle (http://www.lcdf.org/gifsicle) is not installed. You will not be able to process animated GIFs.
2022-03-07T03:37:45.526Z thumbsup:warn dcraw (https://www.cybercom.net/~dcoffin/dcraw/) is not installed. You will not be able to process RAW photos.
2022-03-07T03:37:45.526Z thumbsup:warn zip (https://linux.die.net/man/1/zip) is not installed. You will not be able to create ZIP files.
2022-03-07T03:38:18.754Z thumbsup:warn gifsicle (http://www.lcdf.org/gifsicle) is not installed. You will not be able to process animated GIFs.
2022-03-07T03:38:18.755Z thumbsup:warn dcraw (https://www.cybercom.net/~dcoffin/dcraw/) is not installed. You will not be able to process RAW photos.
2022-03-07T03:38:18.755Z thumbsup:warn zip (https://linux.die.net/man/1/zip) is not installed. You will not be able to create ZIP files.
2022-03-07T03:39:21.451Z thumbsup:warn gifsicle (http://www.lcdf.org/gifsicle) is not installed. You will not be able to process animated GIFs.
2022-03-07T03:39:21.451Z thumbsup:warn dcraw (https://www.cybercom.net/~dcoffin/dcraw/) is not installed. You will not be able to process RAW photos.
2022-03-07T03:39:21.451Z thumbsup:warn zip (https://linux.die.net/man/1/zip) is not installed. You will not be able to create ZIP files.
2022-03-07T03:39:21.577Z thumbsup:error Error: #if requires exactly one argument
2022-03-07T03:39:21.577Z thumbsup:error     at Object.<anonymous> (/home/wathiede/node_modules/handlebars/dist/cjs/handlebars/helpers/if.js:17:13)
2022-03-07T03:39:21.577Z thumbsup:error     at Object.wrapper (/home/wathiede/node_modules/handlebars/dist/cjs/handlebars/internal/wrapHelper.js:15:19)
2022-03-07T03:39:21.577Z thumbsup:error     at Object.eval [as main] (eval at createFunctionContext (/home/wathiede/node_modules/handlebars/dist/cjs/handlebars/compiler/javascript-compiler.js:262:23), <anonymous>:19:47)
2022-03-07T03:39:21.577Z thumbsup:error     at main (/home/wathiede/node_modules/handlebars/dist/cjs/handlebars/runtime.js:208:32)
2022-03-07T03:39:21.577Z thumbsup:error     at ret (/home/wathiede/node_modules/handlebars/dist/cjs/handlebars/runtime.js:212:12)
2022-03-07T03:39:21.577Z thumbsup:error     at ret (/home/wathiede/node_modules/handlebars/dist/cjs/handlebars/compiler/compiler.js:519:21)
2022-03-07T03:39:21.577Z thumbsup:error     at Object.invokePartial (/home/wathiede/node_modules/handlebars/dist/cjs/handlebars/runtime.js:334:12)
2022-03-07T03:39:21.577Z thumbsup:error     at Object.invokePartialWrapper [as invokePartial] (/home/wathiede/node_modules/handlebars/dist/cjs/handlebars/runtime.js:84:39)
2022-03-07T03:39:21.577Z thumbsup:error     at Object.eval [as main] (eval at createFunctionContext (/home/wathiede/node_modules/handlebars/dist/cjs/handlebars/compiler/javascript-compiler.js:262:23), <anonymous>:25:28)
2022-03-07T03:39:21.577Z thumbsup:error     at main (/home/wathiede/node_modules/handlebars/dist/cjs/handlebars/runtime.js:208:32)
2022-03-07T03:39:37.418Z thumbsup:warn gifsicle (http://www.lcdf.org/gifsicle) is not installed. You will not be able to process animated GIFs.
2022-03-07T03:39:37.418Z thumbsup:warn dcraw (https://www.cybercom.net/~dcoffin/dcraw/) is not installed. You will not be able to process RAW photos.
2022-03-07T03:39:37.418Z thumbsup:warn zip (https://linux.die.net/man/1/zip) is not installed. You will not be able to create ZIP files.
2022-03-07T03:39:37.537Z thumbsup:error Error: Parse error on line 42:
2022-03-07T03:39:37.537Z thumbsup:error ...album.albums.length && albums.files.leng
2022-03-07T03:39:37.537Z thumbsup:error -----------------------^
2022-03-07T03:39:37.537Z thumbsup:error Expecting 'CLOSE_RAW_BLOCK', 'CLOSE', 'CLOSE_UNESCAPED', 'OPEN_SEXPR', 'CLOSE_SEXPR', 'ID', 'OPEN_BLOCK_PARAMS', 'STRING', 'NUMBER', 'BOOLEAN', 'UNDEFINED', 'NULL', 'DATA', 'SEP', got 'INVALID'
2022-03-07T03:39:37.537Z thumbsup:error     at Parser.parseError (/home/wathiede/node_modules/handlebars/dist/cjs/handlebars/compiler/parser.js:267:19)
2022-03-07T03:39:37.537Z thumbsup:error     at Parser.parse (/home/wathiede/node_modules/handlebars/dist/cjs/handlebars/compiler/parser.js:336:30)
2022-03-07T03:39:37.537Z thumbsup:error     at parseWithoutProcessing (/home/wathiede/node_modules/handlebars/dist/cjs/handlebars/compiler/base.js:46:33)
2022-03-07T03:39:37.537Z thumbsup:error     at HandlebarsEnvironment.parse (/home/wathiede/node_modules/handlebars/dist/cjs/handlebars/compiler/base.js:52:13)
2022-03-07T03:39:37.537Z thumbsup:error     at compileInput (/home/wathiede/node_modules/handlebars/dist/cjs/handlebars/compiler/compiler.js:508:19)
2022-03-07T03:39:37.537Z thumbsup:error     at ret (/home/wathiede/node_modules/handlebars/dist/cjs/handlebars/compiler/compiler.js:517:18)
2022-03-07T03:39:37.537Z thumbsup:error     at Object.invokePartial (/home/wathiede/node_modules/handlebars/dist/cjs/handlebars/runtime.js:334:12)
2022-03-07T03:39:37.537Z thumbsup:error     at Object.invokePartialWrapper [as invokePartial] (/home/wathiede/node_modules/handlebars/dist/cjs/handlebars/runtime.js:84:39)
2022-03-07T03:39:37.537Z thumbsup:error     at Object.eval [as main] (eval at createFunctionContext (/home/wathiede/node_modules/handlebars/dist/cjs/handlebars/compiler/javascript-compiler.js:262:23), <anonymous>:25:28)
2022-03-07T03:39:37.537Z thumbsup:error     at main (/home/wathiede/node_modules/handlebars/dist/cjs/handlebars/runtime.js:208:32)
2022-03-07T03:39:41.837Z thumbsup:warn gifsicle (http://www.lcdf.org/gifsicle) is not installed. You will not be able to process animated GIFs.
2022-03-07T03:39:41.837Z thumbsup:warn dcraw (https://www.cybercom.net/~dcoffin/dcraw/) is not installed. You will not be able to process RAW photos.
2022-03-07T03:39:41.837Z thumbsup:warn zip (https://linux.die.net/man/1/zip) is not installed. You will not be able to create ZIP files.
2022-03-07T03:39:41.964Z thumbsup:error TypeError: (((intermediate value)(intermediate value) && lookupProperty(...)) || alias2).call is not a function
2022-03-07T03:39:41.964Z thumbsup:error     at Object.eval [as main] (eval at createFunctionContext (/home/wathiede/node_modules/handlebars/dist/cjs/handlebars/compiler/javascript-compiler.js:262:23), <anonymous>:19:208)
2022-03-07T03:39:41.964Z thumbsup:error     at main (/home/wathiede/node_modules/handlebars/dist/cjs/handlebars/runtime.js:208:32)
2022-03-07T03:39:41.964Z thumbsup:error     at ret (/home/wathiede/node_modules/handlebars/dist/cjs/handlebars/runtime.js:212:12)
2022-03-07T03:39:41.964Z thumbsup:error     at ret (/home/wathiede/node_modules/handlebars/dist/cjs/handlebars/compiler/compiler.js:519:21)
2022-03-07T03:39:41.964Z thumbsup:error     at Object.invokePartial (/home/wathiede/node_modules/handlebars/dist/cjs/handlebars/runtime.js:334:12)
2022-03-07T03:39:41.964Z thumbsup:error     at Object.invokePartialWrapper [as invokePartial] (/home/wathiede/node_modules/handlebars/dist/cjs/handlebars/runtime.js:84:39)
2022-03-07T03:39:41.964Z thumbsup:error     at Object.eval [as main] (eval at createFunctionContext (/home/wathiede/node_modules/handlebars/dist/cjs/handlebars/compiler/javascript-compiler.js:262:23), <anonymous>:25:28)
2022-03-07T03:39:41.964Z thumbsup:error     at main (/home/wathiede/node_modules/handlebars/dist/cjs/handlebars/runtime.js:208:32)
2022-03-07T03:39:41.964Z thumbsup:error     at Theme.ret (/home/wathiede/node_modules/handlebars/dist/cjs/handlebars/runtime.js:212:12)
2022-03-07T03:39:41.964Z thumbsup:error     at Theme.ret [as template] (/home/wathiede/node_modules/handlebars/dist/cjs/handlebars/compiler/compiler.js:519:21)
2022-03-07T03:40:04.000Z thumbsup:warn gifsicle (http://www.lcdf.org/gifsicle) is not installed. You will not be able to process animated GIFs.
2022-03-07T03:40:04.000Z thumbsup:warn dcraw (https://www.cybercom.net/~dcoffin/dcraw/) is not installed. You will not be able to process RAW photos.
2022-03-07T03:40:04.000Z thumbsup:warn zip (https://linux.die.net/man/1/zip) is not installed. You will not be able to create ZIP files.
2022-03-07T03:40:04.117Z thumbsup:error Error: Parse error on line 42:
2022-03-07T03:40:04.117Z thumbsup:error ...album.albums.length * albums.files.lengt
2022-03-07T03:40:04.117Z thumbsup:error -----------------------^
2022-03-07T03:40:04.117Z thumbsup:error Expecting 'CLOSE_RAW_BLOCK', 'CLOSE', 'CLOSE_UNESCAPED', 'OPEN_SEXPR', 'CLOSE_SEXPR', 'ID', 'OPEN_BLOCK_PARAMS', 'STRING', 'NUMBER', 'BOOLEAN', 'UNDEFINED', 'NULL', 'DATA', 'SEP', got 'INVALID'
2022-03-07T03:40:04.117Z thumbsup:error     at Parser.parseError (/home/wathiede/node_modules/handlebars/dist/cjs/handlebars/compiler/parser.js:267:19)
2022-03-07T03:40:04.117Z thumbsup:error     at Parser.parse (/home/wathiede/node_modules/handlebars/dist/cjs/handlebars/compiler/parser.js:336:30)
2022-03-07T03:40:04.117Z thumbsup:error     at parseWithoutProcessing (/home/wathiede/node_modules/handlebars/dist/cjs/handlebars/compiler/base.js:46:33)
2022-03-07T03:40:04.117Z thumbsup:error     at HandlebarsEnvironment.parse (/home/wathiede/node_modules/handlebars/dist/cjs/handlebars/compiler/base.js:52:13)
2022-03-07T03:40:04.117Z thumbsup:error     at compileInput (/home/wathiede/node_modules/handlebars/dist/cjs/handlebars/compiler/compiler.js:508:19)
2022-03-07T03:40:04.117Z thumbsup:error     at ret (/home/wathiede/node_modules/handlebars/dist/cjs/handlebars/compiler/compiler.js:517:18)
2022-03-07T03:40:04.117Z thumbsup:error     at Object.invokePartial (/home/wathiede/node_modules/handlebars/dist/cjs/handlebars/runtime.js:334:12)
2022-03-07T03:40:04.117Z thumbsup:error     at Object.invokePartialWrapper [as invokePartial] (/home/wathiede/node_modules/handlebars/dist/cjs/handlebars/runtime.js:84:39)
2022-03-07T03:40:04.117Z thumbsup:error     at Object.eval [as main] (eval at createFunctionContext (/home/wathiede/node_modules/handlebars/dist/cjs/handlebars/compiler/javascript-compiler.js:262:23), <anonymous>:25:28)
2022-03-07T03:40:04.117Z thumbsup:error     at main (/home/wathiede/node_modules/handlebars/dist/cjs/handlebars/runtime.js:208:32)
2022-03-07T03:40:48.029Z thumbsup:warn gifsicle (http://www.lcdf.org/gifsicle) is not installed. You will not be able to process animated GIFs.
2022-03-07T03:40:48.029Z thumbsup:warn dcraw (https://www.cybercom.net/~dcoffin/dcraw/) is not installed. You will not be able to process RAW photos.
2022-03-07T03:40:48.029Z thumbsup:warn zip (https://linux.die.net/man/1/zip) is not installed. You will not be able to create ZIP files.
2022-03-07T03:45:22.585Z thumbsup:warn gifsicle (http://www.lcdf.org/gifsicle) is not installed. You will not be able to process animated GIFs.
2022-03-07T03:45:22.585Z thumbsup:warn dcraw (https://www.cybercom.net/~dcoffin/dcraw/) is not installed. You will not be able to process RAW photos.
2022-03-07T03:45:22.585Z thumbsup:warn zip (https://linux.die.net/man/1/zip) is not installed. You will not be able to create ZIP files.
2022-03-07T03:45:42.279Z thumbsup:warn gifsicle (http://www.lcdf.org/gifsicle) is not installed. You will not be able to process animated GIFs.
2022-03-07T03:45:42.279Z thumbsup:warn dcraw (https://www.cybercom.net/~dcoffin/dcraw/) is not installed. You will not be able to process RAW photos.
2022-03-07T03:45:42.279Z thumbsup:warn zip (https://linux.die.net/man/1/zip) is not installed. You will not be able to create ZIP files.
2022-03-07T03:50:52.343Z thumbsup:warn gifsicle (http://www.lcdf.org/gifsicle) is not installed. You will not be able to process animated GIFs.
2022-03-07T03:50:52.343Z thumbsup:warn dcraw (https://www.cybercom.net/~dcoffin/dcraw/) is not installed. You will not be able to process RAW photos.
2022-03-07T03:50:52.343Z thumbsup:warn zip (https://linux.die.net/man/1/zip) is not installed. You will not be able to create ZIP files.
2022-03-07T03:51:13.777Z thumbsup:error variable @test-color is undefined
2022-03-07T03:51:29.774Z thumbsup:warn gifsicle (http://www.lcdf.org/gifsicle) is not installed. You will not be able to process animated GIFs.
2022-03-07T03:51:29.774Z thumbsup:warn dcraw (https://www.cybercom.net/~dcoffin/dcraw/) is not installed. You will not be able to process RAW photos.
2022-03-07T03:51:29.774Z thumbsup:warn zip (https://linux.die.net/man/1/zip) is not installed. You will not be able to create ZIP files.
2022-03-07T03:52:02.060Z thumbsup:warn gifsicle (http://www.lcdf.org/gifsicle) is not installed. You will not be able to process animated GIFs.
2022-03-07T03:52:02.060Z thumbsup:warn dcraw (https://www.cybercom.net/~dcoffin/dcraw/) is not installed. You will not be able to process RAW photos.
2022-03-07T03:52:02.060Z thumbsup:warn zip (https://linux.die.net/man/1/zip) is not installed. You will not be able to create ZIP files.
2022-03-07T03:53:13.223Z thumbsup:warn gifsicle (http://www.lcdf.org/gifsicle) is not installed. You will not be able to process animated GIFs.
2022-03-07T03:53:13.223Z thumbsup:warn dcraw (https://www.cybercom.net/~dcoffin/dcraw/) is not installed. You will not be able to process RAW photos.
2022-03-07T03:53:13.223Z thumbsup:warn zip (https://linux.die.net/man/1/zip) is not installed. You will not be able to create ZIP files.
2022-03-07T03:53:13.327Z thumbsup:error variable @voron-color is undefined
2022-03-07T03:53:49.319Z thumbsup:warn gifsicle (http://www.lcdf.org/gifsicle) is not installed. You will not be able to process animated GIFs.
2022-03-07T03:53:49.320Z thumbsup:warn dcraw (https://www.cybercom.net/~dcoffin/dcraw/) is not installed. You will not be able to process RAW photos.
2022-03-07T03:53:49.320Z thumbsup:warn zip (https://linux.die.net/man/1/zip) is not installed. You will not be able to create ZIP files.
2022-03-07T03:54:28.750Z thumbsup:warn gifsicle (http://www.lcdf.org/gifsicle) is not installed. You will not be able to process animated GIFs.
2022-03-07T03:54:28.750Z thumbsup:warn dcraw (https://www.cybercom.net/~dcoffin/dcraw/) is not installed. You will not be able to process RAW photos.
2022-03-07T03:54:28.750Z thumbsup:warn zip (https://linux.die.net/man/1/zip) is not installed. You will not be able to create ZIP files.
2022-03-07T03:54:43.549Z thumbsup:warn gifsicle (http://www.lcdf.org/gifsicle) is not installed. You will not be able to process animated GIFs.
2022-03-07T03:54:43.549Z thumbsup:warn dcraw (https://www.cybercom.net/~dcoffin/dcraw/) is not installed. You will not be able to process RAW photos.
2022-03-07T03:54:43.549Z thumbsup:warn zip (https://linux.die.net/man/1/zip) is not installed. You will not be able to create ZIP files.
2022-03-07T03:55:19.876Z thumbsup:warn gifsicle (http://www.lcdf.org/gifsicle) is not installed. You will not be able to process animated GIFs.
2022-03-07T03:55:19.876Z thumbsup:warn dcraw (https://www.cybercom.net/~dcoffin/dcraw/) is not installed. You will not be able to process RAW photos.
2022-03-07T03:55:19.876Z thumbsup:warn zip (https://linux.die.net/man/1/zip) is not installed. You will not be able to create ZIP files.
2022-03-07T03:56:10.112Z thumbsup:warn gifsicle (http://www.lcdf.org/gifsicle) is not installed. You will not be able to process animated GIFs.
2022-03-07T03:56:10.112Z thumbsup:warn dcraw (https://www.cybercom.net/~dcoffin/dcraw/) is not installed. You will not be able to process RAW photos.
2022-03-07T03:56:10.112Z thumbsup:warn zip (https://linux.die.net/man/1/zip) is not installed. You will not be able to create ZIP files.
2022-03-07T03:56:10.216Z thumbsup:error variable @voron-light is undefined
2022-03-07T03:57:45.025Z thumbsup:warn gifsicle (http://www.lcdf.org/gifsicle) is not installed. You will not be able to process animated GIFs.
2022-03-07T03:57:45.026Z thumbsup:warn dcraw (https://www.cybercom.net/~dcoffin/dcraw/) is not installed. You will not be able to process RAW photos.
2022-03-07T03:57:45.026Z thumbsup:warn zip (https://linux.die.net/man/1/zip) is not installed. You will not be able to create ZIP files.
2022-03-07T03:57:45.134Z thumbsup:error variable @voron-light is undefined
2022-03-07T03:58:11.730Z thumbsup:warn gifsicle (http://www.lcdf.org/gifsicle) is not installed. You will not be able to process animated GIFs.
2022-03-07T03:58:11.730Z thumbsup:warn dcraw (https://www.cybercom.net/~dcoffin/dcraw/) is not installed. You will not be able to process RAW photos.
2022-03-07T03:58:11.730Z thumbsup:warn zip (https://linux.die.net/man/1/zip) is not installed. You will not be able to create ZIP files.
2022-03-07T03:58:31.824Z thumbsup:warn gifsicle (http://www.lcdf.org/gifsicle) is not installed. You will not be able to process animated GIFs.
2022-03-07T03:58:31.824Z thumbsup:warn dcraw (https://www.cybercom.net/~dcoffin/dcraw/) is not installed. You will not be able to process RAW photos.
2022-03-07T03:58:31.824Z thumbsup:warn zip (https://linux.die.net/man/1/zip) is not installed. You will not be able to create ZIP files.
2022-03-07T03:59:23.413Z thumbsup:warn gifsicle (http://www.lcdf.org/gifsicle) is not installed. You will not be able to process animated GIFs.
2022-03-07T03:59:23.414Z thumbsup:warn dcraw (https://www.cybercom.net/~dcoffin/dcraw/) is not installed. You will not be able to process RAW photos.
2022-03-07T03:59:23.414Z thumbsup:warn zip (https://linux.die.net/man/1/zip) is not installed. You will not be able to create ZIP files.
2022-03-07T04:04:31.611Z thumbsup:warn gifsicle (http://www.lcdf.org/gifsicle) is not installed. You will not be able to process animated GIFs.
2022-03-07T04:04:31.611Z thumbsup:warn dcraw (https://www.cybercom.net/~dcoffin/dcraw/) is not installed. You will not be able to process RAW photos.
2022-03-07T04:04:31.611Z thumbsup:warn zip (https://linux.die.net/man/1/zip) is not installed. You will not be able to create ZIP files.
2022-03-07T04:04:53.172Z thumbsup:error Error: EEXIST: file already exists, symlink 'missing-dark.png' -> '/home/wathiede/src/xinu.tv/voron-build/render/html/public/missing.png'
2022-03-07T04:08:15.165Z thumbsup:warn gifsicle (http://www.lcdf.org/gifsicle) is not installed. You will not be able to process animated GIFs.
2022-03-07T04:08:15.166Z thumbsup:warn dcraw (https://www.cybercom.net/~dcoffin/dcraw/) is not installed. You will not be able to process RAW photos.
2022-03-07T04:08:15.166Z thumbsup:warn zip (https://linux.die.net/man/1/zip) is not installed. You will not be able to create ZIP files.
